[grid@+ASM1 install]$./grid_configure.sh 
Launching Oracle Grid Infrastructure Setup Wizard...

[WARNING] [INS-13013] Target environment does not meet some mandatory requirements.
   CAUSE: Some of the mandatory prerequisites are not met. See logs for details. /u01/app/oraInventory/logs/GridSetupActions2022-02-11_09-52-36AM/gridSetupActions2022-02-11_09-52-36AM.log
   ACTION: Identify the list of failed prerequisite checks from the log: /u01/app/oraInventory/logs/GridSetupActions2022-02-11_09-52-36AM/gridSetupActions2022-02-11_09-52-36AM.log. Then either from the log file or from installation manual find the appropriate configuration to meet the prerequisites and fix it manually.
The response file for this session can be found at:
 /u01/app/19.3.0.0/grid/install/response/grid_2022-02-11_09-52-36AM.rsp

You can find the log of this install session at:
 /u01/app/oraInventory/logs/GridSetupActions2022-02-11_09-52-36AM/gridSetupActions2022-02-11_09-52-36AM.log

As a root user, execute the following script(s):
	1. /u01/app/19.3.0.0/grid/root.sh

Execute /u01/app/19.3.0.0/grid/root.sh on the following nodes: 
[db1, db2]

Run the script on the local node first. After successful completion, you can start the script in parallel on all other nodes.

Successfully Setup Software with warning(s).
As install user, execute the following command to complete the configuration.
	/u01/app/19.3.0.0/grid/gridSetup.sh -executeConfigTools -responseFile /home/grid/install/response/grid_configure.rsp [-silent]


[grid@+ASM1 install]$echo $?
6

first node
time /u01/app/19.3.0.0/grid/root.sh

real	16m40.864s
user	4m31.701s
sys	0m44.291s

other node
time /u01/app/19.3.0.0/grid/root.sh

real	4m1.958s
user	1m0.501s
sys	0m14.453s

[grid@+ASM1 grid]$time /u01/app/19.3.0.0/grid/gridSetup.sh -executeConfigTools -responseFile /home/grid/install/response/grid_configure.rsp -silent
Launching Oracle Grid Infrastructure Setup Wizard...

You can find the logs of this session at:
/u01/app/oraInventory/logs/GridSetupActions2022-02-11_10-35-54AM

You can find the log of this install session at:
 /u01/app/oraInventory/logs/UpdateNodeList2022-02-11_10-35-54AM.log
Configuration failed.
[WARNING] [INS-43080] Some of the configuration assistants failed, were cancelled or skipped.
   ACTION: Refer to the logs or contact Oracle Support Services.

real	4m36.352s
user	1m8.052s
sys	0m13.773s
[grid@+ASM1 grid]$
